Linked: (/home/yeziheng/PP_car_PI/devel/.private/fsd_common_msgs/include/fsd_common_msgs/CarState.h, /home/yeziheng/PP_car_PI/devel/include/fsd_common_msgs/CarState.h)
Linked: (/home/yeziheng/PP_car_PI/devel/.private/fsd_common_msgs/include/fsd_common_msgs/Cone.h, /home/yeziheng/PP_car_PI/devel/include/fsd_common_msgs/Cone.h)
Linked: (/home/yeziheng/PP_car_PI/devel/.private/fsd_common_msgs/include/fsd_common_msgs/TrajectoryPoint.h, /home/yeziheng/PP_car_PI/devel/include/fsd_common_msgs/TrajectoryPoint.h)
Linked: (/home/yeziheng/PP_car_PI/devel/.private/fsd_common_msgs/include/fsd_common_msgs/Map.h, /home/yeziheng/PP_car_PI/devel/include/fsd_common_msgs/Map.h)
Linked: (/home/yeziheng/PP_car_PI/devel/.private/fsd_common_msgs/include/fsd_common_msgs/Trajectory.h, /home/yeziheng/PP_car_PI/devel/include/fsd_common_msgs/Trajectory.h)
Linked: (/home/yeziheng/PP_car_PI/devel/.private/fsd_common_msgs/include/fsd_common_msgs/CarStateDt.h, /home/yeziheng/PP_car_PI/devel/include/fsd_common_msgs/CarStateDt.h)
Linked: (/home/yeziheng/PP_car_PI/devel/.private/fsd_common_msgs/include/fsd_common_msgs/VehcileCmd.h, /home/yeziheng/PP_car_PI/devel/include/fsd_common_msgs/VehcileCmd.h)
Linked: (/home/yeziheng/PP_car_PI/devel/.private/fsd_common_msgs/include/fsd_common_msgs/ControlCommand.h, /home/yeziheng/PP_car_PI/devel/include/fsd_common_msgs/ControlCommand.h)
Linked: (/home/yeziheng/PP_car_PI/devel/.private/fsd_common_msgs/include/fsd_common_msgs/newRTK.h, /home/yeziheng/PP_car_PI/devel/include/fsd_common_msgs/newRTK.h)
Linked: (/home/yeziheng/PP_car_PI/devel/.private/fsd_common_msgs/include/fsd_common_msgs/ASENSING.h, /home/yeziheng/PP_car_PI/devel/include/fsd_common_msgs/ASENSING.h)
Linked: (/home/yeziheng/PP_car_PI/devel/.private/fsd_common_msgs/lib/pkgconfig/fsd_common_msgs.pc, /home/yeziheng/PP_car_PI/devel/lib/pkgconfig/fsd_common_msgs.pc)
Linked: (/home/yeziheng/PP_car_PI/devel/.private/fsd_common_msgs/lib/python2.7/dist-packages/fsd_common_msgs/__init__.py, /home/yeziheng/PP_car_PI/devel/lib/python2.7/dist-packages/fsd_common_msgs/__init__.py)
Linked: (/home/yeziheng/PP_car_PI/devel/.private/fsd_common_msgs/lib/python2.7/dist-packages/fsd_common_msgs/msg/_CarStateDt.py, /home/yeziheng/PP_car_PI/devel/lib/python2.7/dist-packages/fsd_common_msgs/msg/_CarStateDt.py)
Linked: (/home/yeziheng/PP_car_PI/devel/.private/fsd_common_msgs/lib/python2.7/dist-packages/fsd_common_msgs/msg/__init__.py, /home/yeziheng/PP_car_PI/devel/lib/python2.7/dist-packages/fsd_common_msgs/msg/__init__.py)
Linked: (/home/yeziheng/PP_car_PI/devel/.private/fsd_common_msgs/lib/python2.7/dist-packages/fsd_common_msgs/msg/_Trajectory.py, /home/yeziheng/PP_car_PI/devel/lib/python2.7/dist-packages/fsd_common_msgs/msg/_Trajectory.py)
Linked: (/home/yeziheng/PP_car_PI/devel/.private/fsd_common_msgs/lib/python2.7/dist-packages/fsd_common_msgs/msg/_Map.py, /home/yeziheng/PP_car_PI/devel/lib/python2.7/dist-packages/fsd_common_msgs/msg/_Map.py)
Linked: (/home/yeziheng/PP_car_PI/devel/.private/fsd_common_msgs/lib/python2.7/dist-packages/fsd_common_msgs/msg/_ASENSING.py, /home/yeziheng/PP_car_PI/devel/lib/python2.7/dist-packages/fsd_common_msgs/msg/_ASENSING.py)
Linked: (/home/yeziheng/PP_car_PI/devel/.private/fsd_common_msgs/lib/python2.7/dist-packages/fsd_common_msgs/msg/_Cone.py, /home/yeziheng/PP_car_PI/devel/lib/python2.7/dist-packages/fsd_common_msgs/msg/_Cone.py)
Linked: (/home/yeziheng/PP_car_PI/devel/.private/fsd_common_msgs/lib/python2.7/dist-packages/fsd_common_msgs/msg/_CarState.py, /home/yeziheng/PP_car_PI/devel/lib/python2.7/dist-packages/fsd_common_msgs/msg/_CarState.py)
Linked: (/home/yeziheng/PP_car_PI/devel/.private/fsd_common_msgs/lib/python2.7/dist-packages/fsd_common_msgs/msg/_newRTK.py, /home/yeziheng/PP_car_PI/devel/lib/python2.7/dist-packages/fsd_common_msgs/msg/_newRTK.py)
Linked: (/home/yeziheng/PP_car_PI/devel/.private/fsd_common_msgs/lib/python2.7/dist-packages/fsd_common_msgs/msg/_ControlCommand.py, /home/yeziheng/PP_car_PI/devel/lib/python2.7/dist-packages/fsd_common_msgs/msg/_ControlCommand.py)
Linked: (/home/yeziheng/PP_car_PI/devel/.private/fsd_common_msgs/lib/python2.7/dist-packages/fsd_common_msgs/msg/_VehcileCmd.py, /home/yeziheng/PP_car_PI/devel/lib/python2.7/dist-packages/fsd_common_msgs/msg/_VehcileCmd.py)
Linked: (/home/yeziheng/PP_car_PI/devel/.private/fsd_common_msgs/lib/python2.7/dist-packages/fsd_common_msgs/msg/_TrajectoryPoint.py, /home/yeziheng/PP_car_PI/devel/lib/python2.7/dist-packages/fsd_common_msgs/msg/_TrajectoryPoint.py)
Linked: (/home/yeziheng/PP_car_PI/devel/.private/fsd_common_msgs/share/roseus/ros/fsd_common_msgs/manifest.l, /home/yeziheng/PP_car_PI/devel/share/roseus/ros/fsd_common_msgs/manifest.l)
Linked: (/home/yeziheng/PP_car_PI/devel/.private/fsd_common_msgs/share/roseus/ros/fsd_common_msgs/msg/newRTK.l, /home/yeziheng/PP_car_PI/devel/share/roseus/ros/fsd_common_msgs/msg/newRTK.l)
Linked: (/home/yeziheng/PP_car_PI/devel/.private/fsd_common_msgs/share/roseus/ros/fsd_common_msgs/msg/ASENSING.l, /home/yeziheng/PP_car_PI/devel/share/roseus/ros/fsd_common_msgs/msg/ASENSING.l)
Linked: (/home/yeziheng/PP_car_PI/devel/.private/fsd_common_msgs/share/roseus/ros/fsd_common_msgs/msg/Cone.l, /home/yeziheng/PP_car_PI/devel/share/roseus/ros/fsd_common_msgs/msg/Cone.l)
Linked: (/home/yeziheng/PP_car_PI/devel/.private/fsd_common_msgs/share/roseus/ros/fsd_common_msgs/msg/CarStateDt.l, /home/yeziheng/PP_car_PI/devel/share/roseus/ros/fsd_common_msgs/msg/CarStateDt.l)
Linked: (/home/yeziheng/PP_car_PI/devel/.private/fsd_common_msgs/share/roseus/ros/fsd_common_msgs/msg/ControlCommand.l, /home/yeziheng/PP_car_PI/devel/share/roseus/ros/fsd_common_msgs/msg/ControlCommand.l)
Linked: (/home/yeziheng/PP_car_PI/devel/.private/fsd_common_msgs/share/roseus/ros/fsd_common_msgs/msg/Map.l, /home/yeziheng/PP_car_PI/devel/share/roseus/ros/fsd_common_msgs/msg/Map.l)
Linked: (/home/yeziheng/PP_car_PI/devel/.private/fsd_common_msgs/share/roseus/ros/fsd_common_msgs/msg/CarState.l, /home/yeziheng/PP_car_PI/devel/share/roseus/ros/fsd_common_msgs/msg/CarState.l)
Linked: (/home/yeziheng/PP_car_PI/devel/.private/fsd_common_msgs/share/roseus/ros/fsd_common_msgs/msg/VehcileCmd.l, /home/yeziheng/PP_car_PI/devel/share/roseus/ros/fsd_common_msgs/msg/VehcileCmd.l)
Linked: (/home/yeziheng/PP_car_PI/devel/.private/fsd_common_msgs/share/roseus/ros/fsd_common_msgs/msg/TrajectoryPoint.l, /home/yeziheng/PP_car_PI/devel/share/roseus/ros/fsd_common_msgs/msg/TrajectoryPoint.l)
Linked: (/home/yeziheng/PP_car_PI/devel/.private/fsd_common_msgs/share/roseus/ros/fsd_common_msgs/msg/Trajectory.l, /home/yeziheng/PP_car_PI/devel/share/roseus/ros/fsd_common_msgs/msg/Trajectory.l)
Linked: (/home/yeziheng/PP_car_PI/devel/.private/fsd_common_msgs/share/gennodejs/ros/fsd_common_msgs/_index.js, /home/yeziheng/PP_car_PI/devel/share/gennodejs/ros/fsd_common_msgs/_index.js)
Linked: (/home/yeziheng/PP_car_PI/devel/.private/fsd_common_msgs/share/gennodejs/ros/fsd_common_msgs/msg/CarState.js, /home/yeziheng/PP_car_PI/devel/share/gennodejs/ros/fsd_common_msgs/msg/CarState.js)
Linked: (/home/yeziheng/PP_car_PI/devel/.private/fsd_common_msgs/share/gennodejs/ros/fsd_common_msgs/msg/Cone.js, /home/yeziheng/PP_car_PI/devel/share/gennodejs/ros/fsd_common_msgs/msg/Cone.js)
Linked: (/home/yeziheng/PP_car_PI/devel/.private/fsd_common_msgs/share/gennodejs/ros/fsd_common_msgs/msg/TrajectoryPoint.js, /home/yeziheng/PP_car_PI/devel/share/gennodejs/ros/fsd_common_msgs/msg/TrajectoryPoint.js)
Linked: (/home/yeziheng/PP_car_PI/devel/.private/fsd_common_msgs/share/gennodejs/ros/fsd_common_msgs/msg/Map.js, /home/yeziheng/PP_car_PI/devel/share/gennodejs/ros/fsd_common_msgs/msg/Map.js)
Linked: (/home/yeziheng/PP_car_PI/devel/.private/fsd_common_msgs/share/gennodejs/ros/fsd_common_msgs/msg/Trajectory.js, /home/yeziheng/PP_car_PI/devel/share/gennodejs/ros/fsd_common_msgs/msg/Trajectory.js)
Linked: (/home/yeziheng/PP_car_PI/devel/.private/fsd_common_msgs/share/gennodejs/ros/fsd_common_msgs/msg/newRTK.js, /home/yeziheng/PP_car_PI/devel/share/gennodejs/ros/fsd_common_msgs/msg/newRTK.js)
Linked: (/home/yeziheng/PP_car_PI/devel/.private/fsd_common_msgs/share/gennodejs/ros/fsd_common_msgs/msg/ControlCommand.js, /home/yeziheng/PP_car_PI/devel/share/gennodejs/ros/fsd_common_msgs/msg/ControlCommand.js)
Linked: (/home/yeziheng/PP_car_PI/devel/.private/fsd_common_msgs/share/gennodejs/ros/fsd_common_msgs/msg/CarStateDt.js, /home/yeziheng/PP_car_PI/devel/share/gennodejs/ros/fsd_common_msgs/msg/CarStateDt.js)
Linked: (/home/yeziheng/PP_car_PI/devel/.private/fsd_common_msgs/share/gennodejs/ros/fsd_common_msgs/msg/ASENSING.js, /home/yeziheng/PP_car_PI/devel/share/gennodejs/ros/fsd_common_msgs/msg/ASENSING.js)
Linked: (/home/yeziheng/PP_car_PI/devel/.private/fsd_common_msgs/share/gennodejs/ros/fsd_common_msgs/msg/VehcileCmd.js, /home/yeziheng/PP_car_PI/devel/share/gennodejs/ros/fsd_common_msgs/msg/VehcileCmd.js)
Linked: (/home/yeziheng/PP_car_PI/devel/.private/fsd_common_msgs/share/gennodejs/ros/fsd_common_msgs/msg/_index.js, /home/yeziheng/PP_car_PI/devel/share/gennodejs/ros/fsd_common_msgs/msg/_index.js)
Linked: (/home/yeziheng/PP_car_PI/devel/.private/fsd_common_msgs/share/fsd_common_msgs/cmake/fsd_common_msgs-msg-extras.cmake, /home/yeziheng/PP_car_PI/devel/share/fsd_common_msgs/cmake/fsd_common_msgs-msg-extras.cmake)
Linked: (/home/yeziheng/PP_car_PI/devel/.private/fsd_common_msgs/share/fsd_common_msgs/cmake/fsd_common_msgsConfig-version.cmake, /home/yeziheng/PP_car_PI/devel/share/fsd_common_msgs/cmake/fsd_common_msgsConfig-version.cmake)
Linked: (/home/yeziheng/PP_car_PI/devel/.private/fsd_common_msgs/share/fsd_common_msgs/cmake/fsd_common_msgsConfig.cmake, /home/yeziheng/PP_car_PI/devel/share/fsd_common_msgs/cmake/fsd_common_msgsConfig.cmake)
Linked: (/home/yeziheng/PP_car_PI/devel/.private/fsd_common_msgs/share/fsd_common_msgs/cmake/fsd_common_msgs-msg-paths.cmake, /home/yeziheng/PP_car_PI/devel/share/fsd_common_msgs/cmake/fsd_common_msgs-msg-paths.cmake)
Linked: (/home/yeziheng/PP_car_PI/devel/.private/fsd_common_msgs/share/common-lisp/ros/fsd_common_msgs/msg/Cone.lisp, /home/yeziheng/PP_car_PI/devel/share/common-lisp/ros/fsd_common_msgs/msg/Cone.lisp)
Linked: (/home/yeziheng/PP_car_PI/devel/.private/fsd_common_msgs/share/common-lisp/ros/fsd_common_msgs/msg/CarState.lisp, /home/yeziheng/PP_car_PI/devel/share/common-lisp/ros/fsd_common_msgs/msg/CarState.lisp)
Linked: (/home/yeziheng/PP_car_PI/devel/.private/fsd_common_msgs/share/common-lisp/ros/fsd_common_msgs/msg/fsd_common_msgs-msg.asd, /home/yeziheng/PP_car_PI/devel/share/common-lisp/ros/fsd_common_msgs/msg/fsd_common_msgs-msg.asd)
Linked: (/home/yeziheng/PP_car_PI/devel/.private/fsd_common_msgs/share/common-lisp/ros/fsd_common_msgs/msg/_package.lisp, /home/yeziheng/PP_car_PI/devel/share/common-lisp/ros/fsd_common_msgs/msg/_package.lisp)
Linked: (/home/yeziheng/PP_car_PI/devel/.private/fsd_common_msgs/share/common-lisp/ros/fsd_common_msgs/msg/TrajectoryPoint.lisp, /home/yeziheng/PP_car_PI/devel/share/common-lisp/ros/fsd_common_msgs/msg/TrajectoryPoint.lisp)
Linked: (/home/yeziheng/PP_car_PI/devel/.private/fsd_common_msgs/share/common-lisp/ros/fsd_common_msgs/msg/ASENSING.lisp, /home/yeziheng/PP_car_PI/devel/share/common-lisp/ros/fsd_common_msgs/msg/ASENSING.lisp)
Linked: (/home/yeziheng/PP_car_PI/devel/.private/fsd_common_msgs/share/common-lisp/ros/fsd_common_msgs/msg/_package_VehcileCmd.lisp, /home/yeziheng/PP_car_PI/devel/share/common-lisp/ros/fsd_common_msgs/msg/_package_VehcileCmd.lisp)
Linked: (/home/yeziheng/PP_car_PI/devel/.private/fsd_common_msgs/share/common-lisp/ros/fsd_common_msgs/msg/Map.lisp, /home/yeziheng/PP_car_PI/devel/share/common-lisp/ros/fsd_common_msgs/msg/Map.lisp)
Linked: (/home/yeziheng/PP_car_PI/devel/.private/fsd_common_msgs/share/common-lisp/ros/fsd_common_msgs/msg/_package_newRTK.lisp, /home/yeziheng/PP_car_PI/devel/share/common-lisp/ros/fsd_common_msgs/msg/_package_newRTK.lisp)
Linked: (/home/yeziheng/PP_car_PI/devel/.private/fsd_common_msgs/share/common-lisp/ros/fsd_common_msgs/msg/Trajectory.lisp, /home/yeziheng/PP_car_PI/devel/share/common-lisp/ros/fsd_common_msgs/msg/Trajectory.lisp)
Linked: (/home/yeziheng/PP_car_PI/devel/.private/fsd_common_msgs/share/common-lisp/ros/fsd_common_msgs/msg/_package_Map.lisp, /home/yeziheng/PP_car_PI/devel/share/common-lisp/ros/fsd_common_msgs/msg/_package_Map.lisp)
Linked: (/home/yeziheng/PP_car_PI/devel/.private/fsd_common_msgs/share/common-lisp/ros/fsd_common_msgs/msg/_package_TrajectoryPoint.lisp, /home/yeziheng/PP_car_PI/devel/share/common-lisp/ros/fsd_common_msgs/msg/_package_TrajectoryPoint.lisp)
Linked: (/home/yeziheng/PP_car_PI/devel/.private/fsd_common_msgs/share/common-lisp/ros/fsd_common_msgs/msg/ControlCommand.lisp, /home/yeziheng/PP_car_PI/devel/share/common-lisp/ros/fsd_common_msgs/msg/ControlCommand.lisp)
Linked: (/home/yeziheng/PP_car_PI/devel/.private/fsd_common_msgs/share/common-lisp/ros/fsd_common_msgs/msg/_package_CarState.lisp, /home/yeziheng/PP_car_PI/devel/share/common-lisp/ros/fsd_common_msgs/msg/_package_CarState.lisp)
Linked: (/home/yeziheng/PP_car_PI/devel/.private/fsd_common_msgs/share/common-lisp/ros/fsd_common_msgs/msg/VehcileCmd.lisp, /home/yeziheng/PP_car_PI/devel/share/common-lisp/ros/fsd_common_msgs/msg/VehcileCmd.lisp)
Linked: (/home/yeziheng/PP_car_PI/devel/.private/fsd_common_msgs/share/common-lisp/ros/fsd_common_msgs/msg/_package_Trajectory.lisp, /home/yeziheng/PP_car_PI/devel/share/common-lisp/ros/fsd_common_msgs/msg/_package_Trajectory.lisp)
Linked: (/home/yeziheng/PP_car_PI/devel/.private/fsd_common_msgs/share/common-lisp/ros/fsd_common_msgs/msg/_package_CarStateDt.lisp, /home/yeziheng/PP_car_PI/devel/share/common-lisp/ros/fsd_common_msgs/msg/_package_CarStateDt.lisp)
Linked: (/home/yeziheng/PP_car_PI/devel/.private/fsd_common_msgs/share/common-lisp/ros/fsd_common_msgs/msg/_package_ControlCommand.lisp, /home/yeziheng/PP_car_PI/devel/share/common-lisp/ros/fsd_common_msgs/msg/_package_ControlCommand.lisp)
Linked: (/home/yeziheng/PP_car_PI/devel/.private/fsd_common_msgs/share/common-lisp/ros/fsd_common_msgs/msg/newRTK.lisp, /home/yeziheng/PP_car_PI/devel/share/common-lisp/ros/fsd_common_msgs/msg/newRTK.lisp)
Linked: (/home/yeziheng/PP_car_PI/devel/.private/fsd_common_msgs/share/common-lisp/ros/fsd_common_msgs/msg/_package_Cone.lisp, /home/yeziheng/PP_car_PI/devel/share/common-lisp/ros/fsd_common_msgs/msg/_package_Cone.lisp)
Linked: (/home/yeziheng/PP_car_PI/devel/.private/fsd_common_msgs/share/common-lisp/ros/fsd_common_msgs/msg/_package_ASENSING.lisp, /home/yeziheng/PP_car_PI/devel/share/common-lisp/ros/fsd_common_msgs/msg/_package_ASENSING.lisp)
Linked: (/home/yeziheng/PP_car_PI/devel/.private/fsd_common_msgs/share/common-lisp/ros/fsd_common_msgs/msg/CarStateDt.lisp, /home/yeziheng/PP_car_PI/devel/share/common-lisp/ros/fsd_common_msgs/msg/CarStateDt.lisp)
