[  0%] Built target _fsd_common_msgs_generate_messages_check_deps_CarStateDt
[  0%] Built target _fsd_common_msgs_generate_messages_check_deps_VehcileCmd
[  0%] Built target _fsd_common_msgs_generate_messages_check_deps_ASENSING
[  0%] Built target _fsd_common_msgs_generate_messages_check_deps_Map
[  0%] Built target _fsd_common_msgs_generate_messages_check_deps_TrajectoryPoint
[  0%] Built target std_msgs_generate_messages_lisp
[  0%] Built target _fsd_common_msgs_generate_messages_check_deps_ControlCommand
[  0%] Built target _fsd_common_msgs_generate_messages_check_deps_Trajectory
[  0%] Built target geometry_msgs_generate_messages_lisp
[  0%] Built target _fsd_common_msgs_generate_messages_check_deps_newRTK
[  0%] Built target sensor_msgs_generate_messages_lisp
[  0%] Built target _fsd_common_msgs_generate_messages_check_deps_CarState
[  0%] Built target std_msgs_generate_messages_py
[  0%] Built target _fsd_common_msgs_generate_messages_check_deps_Cone
[  0%] Built target sensor_msgs_generate_messages_py
[  0%] Built target geometry_msgs_generate_messages_py
[  0%] Built target geometry_msgs_generate_messages_nodejs
[  0%] Built target std_msgs_generate_messages_nodejs
[  0%] Built target sensor_msgs_generate_messages_nodejs
[  0%] Built target geometry_msgs_generate_messages_eus
[  0%] Built target sensor_msgs_generate_messages_eus
[  0%] Built target std_msgs_generate_messages_eus
[  0%] Built target std_msgs_generate_messages_cpp
[  0%] Built target geometry_msgs_generate_messages_cpp
[  0%] Built target sensor_msgs_generate_messages_cpp
[ 19%] Built target fsd_common_msgs_generate_messages_lisp
[ 40%] Built target fsd_common_msgs_generate_messages_py
[ 59%] Built target fsd_common_msgs_generate_messages_nodejs
[ 80%] Built target fsd_common_msgs_generate_messages_eus
[100%] Built target fsd_common_msgs_generate_messages_cpp
[100%] Built target fsd_common_msgs_generate_messages
